{"message":"Comment does not exist!","level":"error"}
{"message":"Comment does not exist!","level":"error"}
{"message":"Comment does not exist!","level":"error"}
{"message":"@auth-router.js >> Incorrect user_name","level":"error"}
{"message":"Incorrect password","level":"error"}
{"message":"Incorrect password","level":"error"}
{"message":"@auth-router.js >> Incorrect user_name","level":"error"}
{"message":"Incorrect password","level":"error"}
{"message":"Incorrect password","level":"error"}
{"message":"@auth-router.js >> Incorrect user_name","level":"error"}
{"message":"Incorrect password","level":"error"}
{"message":"Incorrect password","level":"error"}
{"message":"@auth-router.js >> Incorrect user_name","level":"error"}
{"message":"Incorrect password","level":"error"}
{"message":"Incorrect password","level":"error"}
{"message":"@auth-router.js >> Incorrect user_name","level":"error"}
{"message":"Incorrect password","level":"error"}
{"message":"@auth-router.js >> Incorrect user_name","level":"error"}
{"message":"Incorrect password","level":"error"}
{"message":"@auth-router.js >> Incorrect user_name","level":"error"}
{"message":"Incorrect password","level":"error"}
{"message":"Comment does not exist!","level":"error"}
{"message":"@auth-router.js >> Incorrect user_name","level":"error"}
{"message":"Incorrect password","level":"error"}
{"message":"Incorrect password","level":"error"}
{"message":"Comment does not exist!","level":"error"}
{"message":"@auth-router.js >> Incorrect user_name","level":"error"}
{"message":"Incorrect password","level":"error"}
{"message":"Comment does not exist!","level":"error"}
{"message":"Comment does not exist!","level":"error"}
{"message":"@auth-router.js >> Incorrect user_name","level":"error"}
{"message":"Incorrect password","level":"error"}
{"message":"@auth-router.js >> Incorrect user_name","level":"error"}
{"message":"Incorrect password","level":"error"}
{"message":"@auth-router.js >> Incorrect user_name","level":"error"}
{"message":"Incorrect password","level":"error"}
{"message":"Comment does not exist!","level":"error"}
{"message":"@auth-router.js >> Incorrect user_name","level":"error"}
{"message":"Incorrect password","level":"error"}
{"message":"Incorrect password","level":"error"}
{"message":"@auth-router.js >> Incorrect user_name","level":"error"}
{"message":"Incorrect password","level":"error"}
{"message":"Incorrect password","level":"error"}
{"message":"Incorrect password","level":"error"}
{"message":"Incorrect password","level":"error"}
{"message":"Incorrect password","level":"error"}
{"message":"Incorrect password!!!!","level":"error"}
{"message":"Incorrect password!!!!","level":"error"}
{"message":"Incorrect password!!!!","level":"error"}
{"message":"Incorrect password!!!!","level":"error"}
{"message":"Incorrect password!!!!","level":"error"}
{"message":"Incorrect password!!!!","level":"error"}
{"message":"Incorrect password!!!!","level":"error"}
{"message":"Incorrect password!!!!","level":"error"}
{"message":"Incorrect password!!!!","level":"error"}
{"message":"Incorrect password!!!!","level":"error"}
{"message":"Incorrect password!!!!","level":"error"}
{"message":"@auth-router.js >> Incorrect user_name","level":"error"}
{"message":"Incorrect password!!!!","level":"error"}
{"message":"Comment does not exist!","level":"error"}
{"message":"@auth-router.js >> Incorrect user_name","level":"error"}
{"message":"Incorrect password!!!!","level":"error"}
{"message":"@auth-router.js >> Incorrect user_name","level":"error"}
{"message":"Incorrect password!!!!","level":"error"}
{"message":"@auth-router.js >> Incorrect user_name","level":"error"}
{"message":"Incorrect password!!!!","level":"error"}
{"message":"@auth-router.js >> Incorrect user_name","level":"error"}
{"message":"Incorrect password!!!!","level":"error"}
{"message":"Incorrect password!!!!","level":"error"}
{"message":"Comment does not exist!","level":"error"}
{"message":"Incorrect password!!!!","level":"error"}
{"message":"@auth-router.js >> Incorrect user_name","level":"error"}
{"message":"Incorrect password!!!!","level":"error"}
{"message":"Comment does not exist!","level":"error"}
{"message":"@auth-router.js >> Incorrect user_name","level":"error"}
{"message":"Incorrect password!!!!","level":"error"}
{"message":"Comment does not exist!","level":"error"}
{"message":"@auth-router.js >> Incorrect user_name","level":"error"}
{"message":"Incorrect password!!!!","level":"error"}
{"message":"Comment does not exist!","level":"error"}
{"message":"@auth-router.js >> Incorrect user_name","level":"error"}
{"message":"Incorrect password!!!!","level":"error"}
{"message":"Comment does not exist!","level":"error"}
{"message":"Missing bearer token @jwt-auth.js","level":"error"}
{"message":"@jwt-auth.js: Unauthorized request because code in try block failed","level":"error"}
{"message":"@jwt-auth.js: Unauthorized request because user is undefined","level":"error"}
{"message":"Missing bearer token @jwt-auth.js","level":"error"}
{"message":"@jwt-auth.js: Unauthorized request because code in try block failed","level":"error"}
{"message":"@jwt-auth.js: Unauthorized request because user is undefined","level":"error"}
{"message":"Missing bearer token @jwt-auth.js","level":"error"}
{"message":"@jwt-auth.js: Unauthorized request because code in try block failed","level":"error"}
{"message":"@jwt-auth.js: Unauthorized request because user is undefined","level":"error"}
{"message":"Missing bearer token @jwt-auth.js","level":"error"}
{"message":"@jwt-auth.js: Unauthorized request because code in try block failed","level":"error"}
{"message":"@jwt-auth.js: Unauthorized request because user is undefined","level":"error"}
{"message":"Missing bearer token @jwt-auth.js","level":"error"}
{"message":"@jwt-auth.js: Unauthorized request because code in try block failed","level":"error"}
{"message":"@jwt-auth.js: Unauthorized request because user is undefined","level":"error"}
{"message":"Missing bearer token @jwt-auth.js","level":"error"}
{"message":"@jwt-auth.js: Unauthorized request because code in try block failed","level":"error"}
{"message":"@jwt-auth.js: Unauthorized request because user is undefined","level":"error"}
{"message":"Missing bearer token @jwt-auth.js","level":"error"}
{"message":"@jwt-auth.js: Unauthorized request because code in try block failed","level":"error"}
{"message":"@jwt-auth.js: Unauthorized request because user is undefined","level":"error"}
{"message":"Missing bearer token @jwt-auth.js","level":"error"}
{"message":"@jwt-auth.js: Unauthorized request because code in try block failed","level":"error"}
{"message":"@jwt-auth.js: Unauthorized request because user is undefined","level":"error"}
{"message":"Missing bearer token @jwt-auth.js","level":"error"}
{"message":"@jwt-auth.js: Unauthorized request because code in try block failed","level":"error"}
{"message":"@jwt-auth.js: Unauthorized request because user is undefined","level":"error"}
{"message":"Missing bearer token @jwt-auth.js","level":"error"}
{"message":"@jwt-auth.js: Unauthorized request because code in try block failed","level":"error"}
{"message":"@jwt-auth.js: Unauthorized request because user is undefined","level":"error"}
{"message":"Missing bearer token @jwt-auth.js","level":"error"}
{"message":"@jwt-auth.js: Unauthorized request because code in try block failed","level":"error"}
{"message":"@jwt-auth.js: Unauthorized request because user is undefined","level":"error"}
{"message":"Missing bearer token @jwt-auth.js","level":"error"}
{"message":"@jwt-auth.js: Unauthorized request because code in try block failed","level":"error"}
{"message":"@jwt-auth.js: Unauthorized request because user is undefined","level":"error"}
{"message":"Missing bearer token @jwt-auth.js","level":"error"}
{"message":"@jwt-auth.js: Unauthorized request because code in try block failed","level":"error"}
{"message":"@jwt-auth.js: Unauthorized request because user is undefined","level":"error"}
{"message":"Missing bearer token @jwt-auth.js","level":"error"}
{"message":"@jwt-auth.js: Unauthorized request because code in try block failed","level":"error"}
{"message":"@jwt-auth.js: Unauthorized request because user is undefined","level":"error"}
{"message":"Missing bearer token @jwt-auth.js","level":"error"}
{"message":"@jwt-auth.js: Unauthorized request because code in try block failed","level":"error"}
{"message":"@jwt-auth.js: Unauthorized request because user is undefined","level":"error"}
{"message":"Missing bearer token @jwt-auth.js","level":"error"}
{"message":"@jwt-auth.js: Unauthorized request because code in try block failed","level":"error"}
{"message":"@jwt-auth.js: Unauthorized request because user is undefined","level":"error"}
{"message":"Missing bearer token @jwt-auth.js","level":"error"}
{"message":"@jwt-auth.js: Unauthorized request because code in try block failed","level":"error"}
{"message":"@jwt-auth.js: Unauthorized request because user is undefined","level":"error"}
{"message":"Missing bearer token @jwt-auth.js","level":"error"}
{"message":"@jwt-auth.js: Unauthorized request because code in try block failed","level":"error"}
{"message":"@jwt-auth.js: Unauthorized request because user is undefined","level":"error"}
{"message":"Missing bearer token @jwt-auth.js","level":"error"}
{"message":"@jwt-auth.js: Unauthorized request because code in try block failed","level":"error"}
{"message":"@jwt-auth.js: Unauthorized request because user is undefined","level":"error"}
{"message":"Missing bearer token @jwt-auth.js","level":"error"}
{"message":"@jwt-auth.js: Unauthorized request because code in try block failed","level":"error"}
{"message":"@jwt-auth.js: Unauthorized request because user is undefined","level":"error"}
{"message":"Missing bearer token @jwt-auth.js","level":"error"}
{"message":"@jwt-auth.js: Unauthorized request because code in try block failed","level":"error"}
{"message":"@jwt-auth.js: Unauthorized request because user is undefined","level":"error"}
{"message":"Missing bearer token @jwt-auth.js","level":"error"}
{"message":"@jwt-auth.js: Unauthorized request because code in try block failed","level":"error"}
{"message":"@jwt-auth.js: Unauthorized request because user is undefined","level":"error"}
{"message":"Missing bearer token @jwt-auth.js","level":"error"}
{"message":"@jwt-auth.js: Unauthorized request because code in try block failed","level":"error"}
{"message":"@jwt-auth.js: Unauthorized request because user is undefined","level":"error"}
{"message":"@auth-router.js >> Incorrect user_name","level":"error"}
{"message":"Incorrect password!!!!","level":"error"}
{"message":"Missing bearer token @jwt-auth.js","level":"error"}
{"message":"Missing bearer token @jwt-auth.js","level":"error"}
{"message":"Missing bearer token @jwt-auth.js","level":"error"}
{"message":"Missing bearer token @jwt-auth.js","level":"error"}
{"message":"Missing bearer token @jwt-auth.js","level":"error"}
{"message":"Missing bearer token @jwt-auth.js","level":"error"}
{"message":"Missing bearer token @jwt-auth.js","level":"error"}
{"message":"Missing bearer token @jwt-auth.js","level":"error"}
{"message":"Missing bearer token @jwt-auth.js","level":"error"}
{"message":"Missing bearer token @jwt-auth.js","level":"error"}
{"message":"Missing bearer token @jwt-auth.js","level":"error"}
{"message":"Missing bearer token @jwt-auth.js","level":"error"}
{"message":"@jwt-auth.js: Unauthorized request because code in try block failed","level":"error"}
{"message":"@jwt-auth.js: Unauthorized request because user is undefined","level":"error"}
{"message":"Missing bearer token @jwt-auth.js","level":"error"}
{"message":"@jwt-auth.js: Unauthorized request because code in try block failed","level":"error"}
{"message":"@jwt-auth.js: Unauthorized request because user is undefined","level":"error"}
{"message":"Missing bearer token @jwt-auth.js","level":"error"}
{"message":"@jwt-auth.js: Unauthorized request because code in try block failed","level":"error"}
{"message":"@jwt-auth.js: Unauthorized request because user is undefined","level":"error"}
{"message":"Missing bearer token @jwt-auth.js","level":"error"}
{"message":"@jwt-auth.js: Unauthorized request because code in try block failed","level":"error"}
{"message":"@jwt-auth.js: Unauthorized request because user is undefined","level":"error"}
{"message":"Missing bearer token @jwt-auth.js","level":"error"}
{"message":"@jwt-auth.js: Unauthorized request because code in try block failed","level":"error"}
{"message":"@jwt-auth.js: Unauthorized request because user is undefined","level":"error"}
{"message":"Missing bearer token @jwt-auth.js","level":"error"}
{"message":"@jwt-auth.js: Unauthorized request because code in try block failed","level":"error"}
{"message":"@jwt-auth.js: Unauthorized request because user is undefined","level":"error"}
{"message":"Missing bearer token @jwt-auth.js","level":"error"}
{"message":"@jwt-auth.js: Unauthorized request because code in try block failed","level":"error"}
{"message":"@jwt-auth.js: Unauthorized request because user is undefined","level":"error"}
{"message":"Missing bearer token @jwt-auth.js","level":"error"}
{"message":"@jwt-auth.js: Unauthorized request because code in try block failed","level":"error"}
{"message":"@jwt-auth.js: Unauthorized request because user is undefined","level":"error"}
{"message":"Missing bearer token @jwt-auth.js","level":"error"}
{"message":"@jwt-auth.js: Unauthorized request because code in try block failed","level":"error"}
{"message":"@jwt-auth.js: Unauthorized request because user is undefined","level":"error"}
{"message":"Missing bearer token @jwt-auth.js","level":"error"}
{"message":"@jwt-auth.js: Unauthorized request because code in try block failed","level":"error"}
{"message":"@jwt-auth.js: Unauthorized request because user is undefined","level":"error"}
{"message":"Missing bearer token @jwt-auth.js","level":"error"}
{"message":"Missing bearer token @jwt-auth.js","level":"error"}
{"message":"Missing bearer token @jwt-auth.js","level":"error"}
{"message":"Missing bearer token @jwt-auth.js","level":"error"}
{"message":"@auth-router.js >> Incorrect user_name","level":"error"}
{"message":"Incorrect password!!!!","level":"error"}
{"message":"Missing bearer token @jwt-auth.js","level":"error"}
{"message":"Missing bearer token @jwt-auth.js","level":"error"}
{"message":"Missing bearer token @jwt-auth.js","level":"error"}
{"message":"Missing bearer token @jwt-auth.js","level":"error"}
{"message":"Missing bearer token @jwt-auth.js","level":"error"}
{"message":"@jwt-auth.js: Unauthorized request because user is undefined","level":"error"}
{"message":"@jwt-auth.js: Unauthorized request because user is undefined","level":"error"}
{"message":"@jwt-auth.js: Unauthorized request because user is undefined","level":"error"}
{"message":"Missing bearer token @jwt-auth.js","level":"error"}
{"message":"Comment does not exist!","level":"error"}
{"message":"Comment does not exist!","level":"error"}
{"message":"Missing bearer token @jwt-auth.js","level":"error"}
{"message":"Missing bearer token @jwt-auth.js","level":"error"}
{"message":"Missing bearer token @jwt-auth.js","level":"error"}
{"message":"Comment does not exist!","level":"error"}
{"message":"Comment does not exist!","level":"error"}
{"message":"@jwt-auth.js: Unauthorized request because user is undefined","level":"error"}
{"message":"Comment does not exist!","level":"error"}
{"message":"Comment does not exist!","level":"error"}
{"message":"@auth-router.js >> Incorrect user_name","level":"error"}
{"message":"Incorrect password!!!!","level":"error"}
{"message":"Comment does not exist!","level":"error"}
{"message":"Missing bearer token @jwt-auth.js","level":"error"}
{"message":"@jwt-auth.js: Unauthorized request because code in try block failed","level":"error"}
{"message":"@jwt-auth.js: Unauthorized request because user is undefined","level":"error"}
{"message":"Missing bearer token @jwt-auth.js","level":"error"}
{"message":"@jwt-auth.js: Unauthorized request because code in try block failed","level":"error"}
{"message":"@jwt-auth.js: Unauthorized request because user is undefined","level":"error"}
{"message":"Missing bearer token @jwt-auth.js","level":"error"}
{"message":"@jwt-auth.js: Unauthorized request because code in try block failed","level":"error"}
{"message":"@jwt-auth.js: Unauthorized request because user is undefined","level":"error"}
{"message":"Missing bearer token @jwt-auth.js","level":"error"}
{"message":"@jwt-auth.js: Unauthorized request because code in try block failed","level":"error"}
{"message":"@jwt-auth.js: Unauthorized request because user is undefined","level":"error"}
{"message":"Missing bearer token @jwt-auth.js","level":"error"}
{"message":"@jwt-auth.js: Unauthorized request because code in try block failed","level":"error"}
{"message":"@jwt-auth.js: Unauthorized request because user is undefined","level":"error"}
{"message":"Missing bearer token @jwt-auth.js","level":"error"}
{"message":"@jwt-auth.js: Unauthorized request because code in try block failed","level":"error"}
{"message":"@jwt-auth.js: Unauthorized request because user is undefined","level":"error"}
{"message":"Missing bearer token @jwt-auth.js","level":"error"}
{"message":"@jwt-auth.js: Unauthorized request because code in try block failed","level":"error"}
{"message":"@jwt-auth.js: Unauthorized request because user is undefined","level":"error"}
{"message":"Missing bearer token @jwt-auth.js","level":"error"}
{"message":"@jwt-auth.js: Unauthorized request because code in try block failed","level":"error"}
{"message":"@jwt-auth.js: Unauthorized request because user is undefined","level":"error"}
{"message":"Missing bearer token @jwt-auth.js","level":"error"}
{"message":"@jwt-auth.js: Unauthorized request because code in try block failed","level":"error"}
{"message":"@jwt-auth.js: Unauthorized request because user is undefined","level":"error"}
{"message":"Missing bearer token @jwt-auth.js","level":"error"}
{"message":"@jwt-auth.js: Unauthorized request because code in try block failed","level":"error"}
{"message":"@jwt-auth.js: Unauthorized request because user is undefined","level":"error"}
{"message":"Missing bearer token @jwt-auth.js","level":"error"}
{"message":"Missing bearer token @jwt-auth.js","level":"error"}
{"message":"Missing bearer token @jwt-auth.js","level":"error"}
{"message":"Missing bearer token @jwt-auth.js","level":"error"}
{"message":"@jwt-auth.js: Unauthorized request because user is undefined","level":"error"}
{"message":"@jwt-auth.js: Unauthorized request because user is undefined","level":"error"}
{"message":"@jwt-auth.js: Unauthorized request because user is undefined","level":"error"}
{"message":"@jwt-auth.js: Unauthorized request because user is undefined","level":"error"}
{"message":"@auth-router.js >> Incorrect user_name","level":"error"}
{"message":"Incorrect password!!!!","level":"error"}
{"message":"Comment does not exist!","level":"error"}
{"message":"Missing bearer token @jwt-auth.js","level":"error"}
{"message":"@jwt-auth.js: Unauthorized request because code in try block failed","level":"error"}
{"message":"@jwt-auth.js: Unauthorized request because user is undefined","level":"error"}
{"message":"Missing bearer token @jwt-auth.js","level":"error"}
{"message":"@jwt-auth.js: Unauthorized request because code in try block failed","level":"error"}
{"message":"@jwt-auth.js: Unauthorized request because user is undefined","level":"error"}
{"message":"Missing bearer token @jwt-auth.js","level":"error"}
{"message":"@jwt-auth.js: Unauthorized request because code in try block failed","level":"error"}
{"message":"@jwt-auth.js: Unauthorized request because user is undefined","level":"error"}
{"message":"Missing bearer token @jwt-auth.js","level":"error"}
{"message":"@jwt-auth.js: Unauthorized request because code in try block failed","level":"error"}
{"message":"@jwt-auth.js: Unauthorized request because user is undefined","level":"error"}
{"message":"Missing bearer token @jwt-auth.js","level":"error"}
{"message":"@jwt-auth.js: Unauthorized request because code in try block failed","level":"error"}
{"message":"@jwt-auth.js: Unauthorized request because user is undefined","level":"error"}
{"message":"Missing bearer token @jwt-auth.js","level":"error"}
{"message":"@jwt-auth.js: Unauthorized request because code in try block failed","level":"error"}
{"message":"@jwt-auth.js: Unauthorized request because user is undefined","level":"error"}
{"message":"Missing bearer token @jwt-auth.js","level":"error"}
{"message":"@jwt-auth.js: Unauthorized request because code in try block failed","level":"error"}
{"message":"@jwt-auth.js: Unauthorized request because user is undefined","level":"error"}
{"message":"Missing bearer token @jwt-auth.js","level":"error"}
{"message":"@jwt-auth.js: Unauthorized request because code in try block failed","level":"error"}
{"message":"@jwt-auth.js: Unauthorized request because user is undefined","level":"error"}
{"message":"Missing bearer token @jwt-auth.js","level":"error"}
{"message":"@jwt-auth.js: Unauthorized request because code in try block failed","level":"error"}
{"message":"@jwt-auth.js: Unauthorized request because user is undefined","level":"error"}
{"message":"Missing bearer token @jwt-auth.js","level":"error"}
{"message":"@jwt-auth.js: Unauthorized request because code in try block failed","level":"error"}
{"message":"@jwt-auth.js: Unauthorized request because user is undefined","level":"error"}
{"message":"@auth-router.js >> Incorrect user_name","level":"error"}
{"message":"Incorrect password!!!!","level":"error"}
{"message":"Comment does not exist!","level":"error"}
{"message":"Missing bearer token @jwt-auth.js","level":"error"}
{"message":"@jwt-auth.js: Unauthorized request because code in try block failed","level":"error"}
{"message":"@jwt-auth.js: Unauthorized request because user is undefined","level":"error"}
{"message":"Missing bearer token @jwt-auth.js","level":"error"}
{"message":"@jwt-auth.js: Unauthorized request because code in try block failed","level":"error"}
{"message":"@jwt-auth.js: Unauthorized request because user is undefined","level":"error"}
{"message":"Missing bearer token @jwt-auth.js","level":"error"}
{"message":"@jwt-auth.js: Unauthorized request because code in try block failed","level":"error"}
{"message":"@jwt-auth.js: Unauthorized request because user is undefined","level":"error"}
{"message":"Missing bearer token @jwt-auth.js","level":"error"}
{"message":"@jwt-auth.js: Unauthorized request because code in try block failed","level":"error"}
{"message":"@jwt-auth.js: Unauthorized request because user is undefined","level":"error"}
{"message":"Missing bearer token @jwt-auth.js","level":"error"}
{"message":"@jwt-auth.js: Unauthorized request because code in try block failed","level":"error"}
{"message":"@jwt-auth.js: Unauthorized request because user is undefined","level":"error"}
{"message":"Missing bearer token @jwt-auth.js","level":"error"}
{"message":"@jwt-auth.js: Unauthorized request because code in try block failed","level":"error"}
{"message":"@jwt-auth.js: Unauthorized request because user is undefined","level":"error"}
{"message":"Missing bearer token @jwt-auth.js","level":"error"}
{"message":"@jwt-auth.js: Unauthorized request because code in try block failed","level":"error"}
{"message":"@jwt-auth.js: Unauthorized request because user is undefined","level":"error"}
{"message":"Missing bearer token @jwt-auth.js","level":"error"}
{"message":"@jwt-auth.js: Unauthorized request because code in try block failed","level":"error"}
{"message":"@jwt-auth.js: Unauthorized request because user is undefined","level":"error"}
{"message":"Missing bearer token @jwt-auth.js","level":"error"}
{"message":"@jwt-auth.js: Unauthorized request because code in try block failed","level":"error"}
{"message":"@jwt-auth.js: Unauthorized request because user is undefined","level":"error"}
{"message":"Missing bearer token @jwt-auth.js","level":"error"}
{"message":"@jwt-auth.js: Unauthorized request because code in try block failed","level":"error"}
{"message":"@jwt-auth.js: Unauthorized request because user is undefined","level":"error"}
